<?xml version="1.0" encoding="UTF-8"?>
<!-- Generated by org.testng.reporters.JUnitReportReporter -->
<testsuite skipped="0" hostname="DE-ADN-DZ8BSQ2" name="de.cobolj.statement.subtract.SubtractTest" tests="3" failures="0" timestamp="09 Jan 2019 19:20:47 GMT" time="7.784" errors="0">
  <testcase name="cobolTest" time="1.936" classname="de.cobolj.statement.subtract.SubtractTest"/>
  <testcase name="cobolTest" time="2.161" classname="de.cobolj.statement.subtract.SubtractTest"/>
  <testcase name="cobolTest" time="3.687" classname="de.cobolj.statement.subtract.SubtractTest"/>
</testsuite> <!-- de.cobolj.statement.subtract.SubtractTest -->
