<?xml version="1.0" encoding="UTF-8"?>
<!-- Generated by org.testng.reporters.JUnitReportReporter -->
<testsuite skipped="0" hostname="DE-ADN-DZ8BSQ2" name="de.cobolj.statement.subtract.SubtractTest" tests="3" failures="0" timestamp="13 Jan 2019 13:34:33 GMT" time="0.029" errors="0">
  <testcase name="cobolTest" time="0.010" classname="de.cobolj.statement.subtract.SubtractTest"/>
  <testcase name="cobolTest" time="0.013" classname="de.cobolj.statement.subtract.SubtractTest"/>
  <testcase name="cobolTest" time="0.006" classname="de.cobolj.statement.subtract.SubtractTest"/>
</testsuite> <!-- de.cobolj.statement.subtract.SubtractTest -->
