<?xml version="1.0" encoding="UTF-8"?>
<!-- Generated by org.testng.reporters.JUnitReportReporter -->
<testsuite skipped="0" hostname="DE-ADN-DZ8BSQ2" name="de.cobolj.statement.subtract.SubtractTest" tests="3" failures="0" timestamp="26 Apr 2019 11:57:32 GMT" time="0.026" errors="0">
  <testcase name="cobolTest" time="0.008" classname="de.cobolj.statement.subtract.SubtractTest"/>
  <testcase name="cobolTest" time="0.007" classname="de.cobolj.statement.subtract.SubtractTest"/>
  <testcase name="cobolTest" time="0.011" classname="de.cobolj.statement.subtract.SubtractTest"/>
</testsuite> <!-- de.cobolj.statement.subtract.SubtractTest -->
