<?xml version="1.0" encoding="UTF-8"?>
<!-- Generated by org.testng.reporters.JUnitReportReporter -->
<testsuite skipped="0" hostname="DE-ADN-DZ8BSQ2" name="de.cobolj.statement.subtract.SubtractTest" tests="3" failures="0" timestamp="22 Apr 2019 09:37:15 GMT" time="0.025" errors="0">
  <testcase name="cobolTest" time="0.012" classname="de.cobolj.statement.subtract.SubtractTest"/>
  <testcase name="cobolTest" time="0.005" classname="de.cobolj.statement.subtract.SubtractTest"/>
  <testcase name="cobolTest" time="0.008" classname="de.cobolj.statement.subtract.SubtractTest"/>
</testsuite> <!-- de.cobolj.statement.subtract.SubtractTest -->
