<?xml version="1.0" encoding="UTF-8"?>
<!-- Generated by org.testng.reporters.JUnitReportReporter -->
<testsuite skipped="0" hostname="DE-ADN-DZ8BSQ2" name="de.cobolj.statement.subtract.SubtractTest" tests="3" failures="0" timestamp="12 Feb 2019 17:46:58 GMT" time="0.039" errors="0">
  <testcase name="cobolTest" time="0.007" classname="de.cobolj.statement.subtract.SubtractTest"/>
  <testcase name="cobolTest" time="0.015" classname="de.cobolj.statement.subtract.SubtractTest"/>
  <testcase name="cobolTest" time="0.017" classname="de.cobolj.statement.subtract.SubtractTest"/>
</testsuite> <!-- de.cobolj.statement.subtract.SubtractTest -->
