<?xml version="1.0" encoding="UTF-8"?>
<!-- Generated by org.testng.reporters.JUnitReportReporter -->
<testsuite skipped="0" hostname="DE-ADN-DZ8BSQ2" name="de.cobolj.statement.read.ReadTest" tests="1" failures="0" timestamp="22 Apr 2019 09:37:15 GMT" time="0.240" errors="0">
  <testcase name="cobolTest" time="0.240" classname="de.cobolj.statement.read.ReadTest"/>
</testsuite> <!-- de.cobolj.statement.read.ReadTest -->
