<?xml version="1.0" encoding="UTF-8"?>
<!-- Generated by org.testng.reporters.JUnitReportReporter -->
<testsuite skipped="0" hostname="DE-ADN-DZ8BSQ2" name="de.cobolj.statement.subtract.SubtractTest" tests="3" failures="3" timestamp="13 Jan 2019 13:51:33 GMT" time="0.039" errors="0">
  <testcase name="cobolTest" time="0.020" classname="de.cobolj.statement.subtract.SubtractTest">
    <failure type="java.lang.AssertionError" message="java.lang.Error: Unresolved compilation problem: 
	WriteElementaryItemNodeGen cannot be resolved
">
      <![CDATA[java.lang.AssertionError: java.lang.Error: Unresolved compilation problem: 
WriteElementaryItemNodeGen cannot be resolved

at de.cobolj.CobolBaseTest.cobolTest(CobolBaseTest.java:56)
]]>
    </failure>
  </testcase> <!-- cobolTest -->
  <testcase name="cobolTest" time="0.007" classname="de.cobolj.statement.subtract.SubtractTest">
    <failure type="java.lang.AssertionError" message="java.lang.Error: Unresolved compilation problem: 
	WriteElementaryItemNodeGen cannot be resolved
">
      <![CDATA[java.lang.AssertionError: java.lang.Error: Unresolved compilation problem: 
WriteElementaryItemNodeGen cannot be resolved

at de.cobolj.CobolBaseTest.cobolTest(CobolBaseTest.java:56)
]]>
    </failure>
  </testcase> <!-- cobolTest -->
  <testcase name="cobolTest" time="0.012" classname="de.cobolj.statement.subtract.SubtractTest">
    <failure type="java.lang.AssertionError" message="java.lang.Error: Unresolved compilation problem: 
	WriteElementaryItemNodeGen cannot be resolved
">
      <![CDATA[java.lang.AssertionError: java.lang.Error: Unresolved compilation problem: 
WriteElementaryItemNodeGen cannot be resolved

at de.cobolj.CobolBaseTest.cobolTest(CobolBaseTest.java:56)
]]>
    </failure>
  </testcase> <!-- cobolTest -->
</testsuite> <!-- de.cobolj.statement.subtract.SubtractTest -->
