<?xml version="1.0" encoding="UTF-8"?>
<!-- Generated by org.testng.reporters.JUnitReportReporter -->
<testsuite skipped="0" hostname="DE-ADN-DZ8BSQ2" name="de.cobolj.statement.read.ReadTest" tests="2" failures="0" timestamp="26 Apr 2019 11:57:32 GMT" time="0.232" errors="0">
  <testcase name="cobolTest" time="0.221" classname="de.cobolj.statement.read.ReadTest"/>
  <testcase name="cobolTest" time="0.011" classname="de.cobolj.statement.read.ReadTest"/>
</testsuite> <!-- de.cobolj.statement.read.ReadTest -->
