<?xml version="1.0" encoding="UTF-8"?>
<!-- Generated by org.testng.reporters.JUnitReportReporter -->
<testsuite skipped="0" hostname="DE-ADN-DZ8BSQ2" name="de.cobolj.statement.ifstmt.IfTest" tests="2" failures="0" timestamp="28 Okt 2018 19:51:24 GMT" time="0.016" errors="0">
  <testcase name="cobolTest" time="0.000" classname="de.cobolj.statement.ifstmt.IfTest"/>
  <testcase name="cobolTest" time="0.016" classname="de.cobolj.statement.ifstmt.IfTest"/>
</testsuite> <!-- de.cobolj.statement.ifstmt.IfTest -->
